  sample.cpp
c:\users\aum\downloads\cs 550\cs 550\project 4\sample2015 (1)\sample2015\sample.cpp(174): warning C4305: 'initializing': truncation from 'double' to 'float'
c:\users\aum\downloads\cs 550\cs 550\project 4\sample2015 (1)\sample2015\sample.cpp(175): warning C4305: 'initializing': truncation from 'double' to 'float'
c:\users\aum\downloads\cs 550\cs 550\project 4\sample2015 (1)\sample2015\sample.cpp(176): warning C4305: 'initializing': truncation from 'double' to 'float'
c:\users\aum\downloads\cs 550\cs 550\project 4\sample2015 (1)\sample2015\sample.cpp(181): warning C4305: 'initializing': truncation from 'double' to 'float'
c:\users\aum\downloads\cs 550\cs 550\project 4\sample2015 (1)\sample2015\sample.cpp(182): warning C4305: 'initializing': truncation from 'double' to 'float'
c:\users\aum\downloads\cs 550\cs 550\project 4\sample2015 (1)\sample2015\sample.cpp(183): warning C4305: 'initializing': truncation from 'double' to 'float'
c:\users\aum\downloads\cs 550\cs 550\project 4\sample2015 (1)\sample2015\sample.cpp(185): warning C4305: 'initializing': truncation from 'double' to 'float'
c:\users\aum\downloads\cs 550\cs 550\project 4\sample2015 (1)\sample2015\sample.cpp(186): warning C4305: 'initializing': truncation from 'double' to 'float'
c:\users\aum\downloads\cs 550\cs 550\project 4\sample2015 (1)\sample2015\sample.cpp(187): warning C4305: 'initializing': truncation from 'double' to 'float'
c:\users\aum\downloads\cs 550\cs 550\project 4\sample2015 (1)\sample2015\sample.cpp(545): warning C4244: 'initializing': conversion from 'double' to 'float', possible loss of data
c:\users\aum\downloads\cs 550\cs 550\project 4\sample2015 (1)\sample2015\sample.cpp(546): warning C4244: 'initializing': conversion from 'double' to 'float', possible loss of data
c:\users\aum\downloads\cs 550\cs 550\project 4\sample2015 (1)\sample2015\sample.cpp(547): warning C4244: 'initializing': conversion from 'double' to 'float', possible loss of data
c:\users\aum\downloads\cs 550\cs 550\project 4\sample2015 (1)\sample2015\sample.cpp(550): warning C4244: 'initializing': conversion from 'double' to 'float', possible loss of data
c:\users\aum\downloads\cs 550\cs 550\project 4\sample2015 (1)\sample2015\sample.cpp(551): warning C4244: 'initializing': conversion from 'double' to 'float', possible loss of data
c:\users\aum\downloads\cs 550\cs 550\project 4\sample2015 (1)\sample2015\sample.cpp(552): warning C4244: 'initializing': conversion from 'double' to 'float', possible loss of data
c:\users\aum\downloads\cs 550\cs 550\project 4\sample2015 (1)\sample2015\sample.cpp(561): warning C4244: '=': conversion from 'double' to 'float', possible loss of data
c:\users\aum\downloads\cs 550\cs 550\project 4\sample2015 (1)\sample2015\sample.cpp(562): warning C4244: '=': conversion from 'double' to 'float', possible loss of data
c:\users\aum\downloads\cs 550\cs 550\project 4\sample2015 (1)\sample2015\sample.cpp(704): warning C4244: '=': conversion from 'double' to 'float', possible loss of data
c:\users\aum\downloads\cs 550\cs 550\project 4\sample2015 (1)\sample2015\sample.cpp(706): warning C4244: '=': conversion from 'double' to 'float', possible loss of data
c:\users\aum\downloads\cs 550\cs 550\project 4\sample2015 (1)\sample2015\sample.cpp(754): warning C4244: 'initializing': conversion from 'double' to 'float', possible loss of data
c:\users\aum\downloads\cs 550\cs 550\project 4\sample2015 (1)\sample2015\sample.cpp(822): warning C4305: 'argument': truncation from 'double' to 'float'
c:\users\aum\downloads\cs 550\cs 550\project 4\sample2015 (1)\sample2015\sample.cpp(869): warning C4305: 'argument': truncation from 'double' to 'float'
c:\users\aum\downloads\cs 550\cs 550\project 4\sample2015 (1)\sample2015\sample.cpp(879): warning C4305: 'argument': truncation from 'double' to 'GLfloat'
c:\users\aum\downloads\cs 550\cs 550\project 4\sample2015 (1)\sample2015\sample.cpp(886): warning C4305: 'argument': truncation from 'double' to 'float'
c:\users\aum\downloads\cs 550\cs 550\project 4\sample2015 (1)\sample2015\sample.cpp(889): warning C4244: 'argument': conversion from 'double' to 'GLfloat', possible loss of data
c:\users\aum\downloads\cs 550\cs 550\project 4\sample2015 (1)\sample2015\sample.cpp(913): warning C4244: 'argument': conversion from 'double' to 'GLfloat', possible loss of data
c:\users\aum\downloads\cs 550\cs 550\project 4\sample2015 (1)\sample2015\sample.cpp(1701): warning C4244: 'initializing': conversion from 'double' to 'float', possible loss of data
sample.obj : warning LNK4075: ignoring '/EDITANDCONTINUE' due to '/INCREMENTAL:NO' specification
  Sample.vcxproj -> C:\Users\AUM\Downloads\CS 550\CS 550\Project 4\Sample2015 (1)\Sample2015\.\Debug\Sample.exe
  Sample.vcxproj -> .\Debug/Sample.pdb (Full PDB)
